<?xml version="1.0" encoding="UTF-8"?>
<!-- Generated by org.testng.reporters.JUnitReportReporter -->
<testsuite hostname="DESKTOP-TOSQTGA" failures="0" tests="1" name="Testcase.TC_JB1" time="21.672" errors="0" timestamp="2025-02-09T01:00:41 IST" skipped="0">
  <testcase classname="Testcase.TC_JB1" name="Jobspage" time="21.672"/>
</testsuite> <!-- Testcase.TC_JB1 -->
